<?xml version="1.0" encoding="UTF-8"?>
<!-- Generated by org.testng.reporters.JUnitReportReporter -->
<testsuite hostname="admin-PC" failures="0" tests="1" name="com.hrm.TestCases.TC_001_LoginTest" time="10.178" errors="0" timestamp="2023-07-31T01:25:57 IST" skipped="0">
  <testcase classname="com.hrm.TestCases.TC_001_LoginTest" name="loginTest" time="10.178"/>
  <system-out/>
</testsuite> <!-- com.hrm.TestCases.TC_001_LoginTest -->
