<?xml version="1.0" encoding="UTF-8"?>
<!-- Generated by org.testng.reporters.JUnitReportReporter -->
<testsuite hostname="admin-PC" failures="0" tests="1" name="com.hrm.TestCases.TC_003_AddEmployee" time="13.801" errors="0" timestamp="2023-07-31T01:25:57 IST" skipped="0">
  <testcase classname="com.hrm.TestCases.TC_003_AddEmployee" name="Employee" time="13.801"/>
  <system-out/>
</testsuite> <!-- com.hrm.TestCases.TC_003_AddEmployee -->
