<?xml version="1.0" encoding="UTF-8"?>
<!-- Generated by org.testng.reporters.JUnitReportReporter -->
<testsuite hostname="admin-PC" failures="0" tests="1" name="com.hrm.TestCases.TC_005_EmpListTest" time="26.886" errors="0" timestamp="2023-07-31T01:25:57 IST" skipped="0">
  <testcase classname="com.hrm.TestCases.TC_005_EmpListTest" name="employeeListTest" time="26.886"/>
  <system-out/>
</testsuite> <!-- com.hrm.TestCases.TC_005_EmpListTest -->
